<?xml version="1.0" encoding="utf-8"?><testsuites name="pytest tests"><testsuite name="pytest" errors="0" failures="0" skipped="0" tests="87" time="5.195" timestamp="2026-09-08T12:31:11.560667+08:00" hostname="autodl-container-c0984eadaa-58eeb4a1"><testcase classname="tests.test_a_acceptance" name="test_v6_acceptance_passes_only_when_every_required_gate_passes" time="0.001" /><testcase classname="tests.test_a_acceptance" name="test_v6_acceptance_reports_scientific_failures" time="0.000" /><testcase classname="tests.test_a_acceptance" name="test_v6_acceptance_treats_missing_measurements_as_failures" time="0.000" /><testcase classname="tests.test_a_diagnostics" name="test_perfect_decomposition_has_exact_energy_metrics" time="0.005" /><testcase classname="tests.test_a_diagnostics" name="test_dual_source_and_energy_diagnostics_have_hand_checked_ratios" time="0.002" /><testcase classname="tests.test_a_diagnostics" name="test_centroid_recall_accepts_a_localized_subunit_source_peak" time="0.002" /><testcase classname="tests.test_a_diagnostics" name="test_residual_target_fraction_measures_the_target_support_shortcut" time="0.002" /><testcase classname="tests.test_a_diagnostics" name="test_target_precision_includes_valid_psf_kernel_tails" time="0.003" /><testcase classname="tests.test_a_diagnostics" name="test_empty_target_uses_null_target_only_metrics" time="0.001" /><testcase classname="tests.test_a_diagnostics" name="test_aggregate_reports_valid_counts_and_medians" time="0.001" /><testcase classname="tests.test_a_diagnostics" name="test_aggregate_reports_centroid_failure_tail" time="0.001" /><testcase classname="tests.test_a_diagnostics" name="test_degeneration_flags_detect_known_collapses" time="0.000" /><testcase classname="tests.test_a_diagnostics" name="test_component_comparison_detects_identity_and_change" time="0.001" /><testcase classname="tests.test_a_diagnostics" name="test_coverage_at_5px_marks_centres_inside_radius" time="0.002" /><testcase classname="tests.test_a_diagnostics" name="test_coverage_at_5px_is_per_centre" time="0.001" /><testcase classname="tests.test_a_losses" name="test_rec_is_area_invariant" time="0.020" /><testcase classname="tests.test_a_losses" name="test_rec_upweights_target_support" time="0.006" /><testcase classname="tests.test_a_losses" name="test_rec_prefers_a_calibrated_target_component" time="0.005" /><testcase classname="tests.test_a_losses" name="test_bg_zero_on_smooth_input" time="0.003" /><testcase classname="tests.test_a_losses" name="test_bg_matches_image_outside_and_local_background_inside_support" time="0.007" /><testcase classname="tests.test_a_losses" name="test_sp_penalizes_dense_source" time="0.006" /><testcase classname="tests.test_a_losses" name="test_sp_reduces_when_floor_lowered" time="0.009" /><testcase classname="tests.test_a_losses" name="test_ctr_bce_pulls_centres_to_one" time="0.100" /><testcase classname="tests.test_a_losses" name="test_ctr_center_gradient_is_not_diluted_by_image_area" time="0.011" /><testcase classname="tests.test_a_losses" name="test_ctr_local_pulls_offcenter_maximum" time="0.006" /><testcase classname="tests.test_a_losses" name="test_psf_boundary_penalises_out_of_range_sigma" time="0.006" /><testcase classname="tests.test_a_losses" name="test_psf_entropy_penalises_collapse" time="0.006" /><testcase classname="tests.test_a_losses" name="test_ind_separates_b_and_psf" time="0.005" /><testcase classname="tests.test_a_losses" name="test_ind_suppresses_residual_outside_support" time="0.005" /><testcase classname="tests.test_a_losses" name="test_ind_suppresses_psf_residual_overlap" time="0.005" /><testcase classname="tests.test_a_losses" name="test_flip_zero_under_equivariant_input" time="0.008" /><testcase classname="tests.test_a_losses" name="test_flip_pulls_misaligned_presence" time="0.008" /><testcase classname="tests.test_a_losses" name="test_flip_penalty_is_not_diluted_by_image_area" time="0.012" /><testcase classname="tests.test_a_losses" name="test_amp_zero_when_matched_to_source_proxy" time="0.003" /><testcase classname="tests.test_a_losses" name="test_amp_penalises_binary_overshoot" time="0.004" /><testcase classname="tests.test_a_losses" name="test_amp_is_not_diluted_by_image_area" time="0.012" /><testcase classname="tests.test_a_losses" name="test_total_loss_is_finite_and_backpropagates_to_every_head" time="0.093" /><testcase classname="tests.test_a_losses" name="test_U_is_trained_toward_detached_normalized_reconstruction_error" time="0.004" /><testcase classname="tests.test_a_losses" name="test_public_U_equals_sigmoid_u_rec_head" time="0.015" /><testcase classname="tests.test_a_model" name="test_psf_kernels_are_positive_normalized_and_bounded" time="0.001" /><testcase classname="tests.test_a_model" name="test_psf_bank_rejects_even_kernel_or_too_few_components" time="0.001" /><testcase classname="tests.test_a_model" name="test_a_forward_returns_bounded_full_resolution_components" time="0.023" /><testcase classname="tests.test_a_model" name="test_a_forward_public_mode_hides_training_auxiliaries" time="0.014" /><testcase classname="tests.test_a_model" name="test_internal_source_flux_scales_normalized_public_source" time="0.017" /><testcase classname="tests.test_a_model" name="test_factorized_source_combines_presence_and_amplitude" time="0.013" /><testcase classname="tests.test_a_model" name="test_forward_api_does_not_accept_mask" time="0.001" /><testcase classname="tests.test_a_model" name="test_model_rejects_malformed_or_nonfinite_input" time="0.007" /><testcase classname="tests.test_a_model" name="test_explicit_psf_operator_preserves_a_unit_impulse_energy" time="0.006" /><testcase classname="tests.test_a_runtime" name="test_prepare_new_run_accepts_new_or_empty_and_rejects_artifacts" time="0.004" /><testcase classname="tests.test_a_runtime" name="test_atomic_json_dump_leaves_valid_json_and_no_temporary_file" time="0.008" /><testcase classname="tests.test_a_runtime" name="test_save_checkpoint_round_trips_and_returns_sha256" time="0.003" /><testcase classname="tests.test_a_runtime" name="test_rng_state_round_trip_restores_python_numpy_and_torch" time="0.025" /><testcase classname="tests.test_a_runtime" name="test_git_value_decodes_non_ascii_paths_as_utf8" time="0.010" /><testcase classname="tests.test_a_targets" name="test_split_ids_is_disjoint_complete_and_deterministic" time="0.002" /><testcase classname="tests.test_a_targets" name="test_split_ids_rejects_duplicate_ids" time="0.001" /><testcase classname="tests.test_a_targets" name="test_split_ids_rejects_invalid_validation_size" time="0.001" /><testcase classname="tests.test_a_targets" name="test_centroid_map_marks_one_center_per_eight_connected_component" time="0.002" /><testcase classname="tests.test_a_targets" name="test_centroid_map_uses_eight_connectivity" time="0.001" /><testcase classname="tests.test_a_targets" name="test_dilate_mask_expands_by_requested_chebyshev_radius" time="0.001" /><testcase classname="tests.test_a_targets" name="test_weak_target_recovers_positive_local_contrast" time="0.023" /><testcase classname="tests.test_a_targets" name="test_source_proxy_conserves_local_target_flux_at_the_centroid" time="0.013" /><testcase classname="tests.test_a_targets" name="test_psf_support_covers_the_configured_kernel_footprint" time="0.004" /><testcase classname="tests.test_a_targets" name="test_weak_target_is_zero_for_dark_target_candidate" time="0.010" /><testcase classname="tests.test_a_targets" name="test_weak_targets_reject_invalid_inputs[image0-mask0-same shape]" time="0.001" /><testcase classname="tests.test_a_targets" name="test_weak_targets_reject_invalid_inputs[image1-mask1-single-channel]" time="0.001" /><testcase classname="tests.test_a_targets" name="test_weak_targets_reject_invalid_inputs[image2-mask2-finite]" time="0.001" /><testcase classname="tests.test_eval_a" name="test_dataset_routing_separates_sirst4_overlap" time="0.002" /><testcase classname="tests.test_eval_a" name="test_flip_perturbations_are_inverted_before_comparison" time="0.001" /><testcase classname="tests.test_eval_a" name="test_noise_perturbation_uses_local_deterministic_generator" time="0.001" /><testcase classname="tests.test_eval_a" name="test_intensity_perturbation_is_bounded" time="0.001" /><testcase classname="tests.test_run_a_v6_2_script" name="test_remote_script_prints_packaged_output_files_at_end" time="0.001" /><testcase classname="tests.test_train_a" name="test_load_config_exposes_only_public_configuration" time="0.001" /><testcase classname="tests.test_train_a" name="test_v6_config_has_eight_loss_terms_with_uniform_weights" time="0.001" /><testcase classname="tests.test_train_a" name="test_validation_score_rewards_interpretable_decomposition" time="0.001" /><testcase classname="tests.test_train_a" name="test_validation_score_penalizes_residual_taking_the_target" time="0.001" /><testcase classname="tests.test_train_a" name="test_validation_score_penalizes_target_energy_overshoot" time="0.001" /><testcase classname="tests.test_train_a" name="test_validation_score_penalizes_unlocalized_source_map" time="0.001" /><testcase classname="tests.test_train_a" name="test_validation_score_covers_acceptance_only_failure_modes" time="0.001" /><testcase classname="tests.test_train_a" name="test_assert_finite_batch_reports_sample_ids" time="0.001" /><testcase classname="tests.test_train_a" name="test_debug_limits_cannot_write_to_formal_run" time="0.001" /><testcase classname="tests.test_train_a" name="test_early_stopper_tracks_improvement_and_patience" time="0.001" /><testcase classname="tests.test_train_a" name="test_checkpoint_payload_contains_resume_and_provenance_state" time="0.876" /><testcase classname="tests.test_train_a" name="test_resume_rejects_changed_training_objective" time="0.001" /><testcase classname="tests.test_train_a" name="test_resume_rejects_stale_loss_term_configuration" time="0.001" /><testcase classname="tests.test_visualize_a" name="test_v5_diagnostic_subtitle_reports_presence_and_amplitude" time="0.000" /><testcase classname="tests.test_visualize_a" name="test_sparse_component_panels_use_their_observed_dynamic_range" time="0.001" /><testcase classname="tests.test_visualize_a" name="test_component_panel_and_kernel_sheet_are_nonempty_pngs" time="1.324" /></testsuite></testsuites>